<?xml version="1.0" encoding="UTF-8"?>
<testng-results skipped="0" failed="0" total="1" passed="1">
  <reporter-output>
  </reporter-output>
  <suite name="Default suite" duration-ms="50169" started-at="2019-12-01T07:28:12Z" finished-at="2019-12-01T07:29:02Z">
    <groups>
    </groups>
    <test name="Default test" duration-ms="50169" started-at="2019-12-01T07:28:12Z" finished-at="2019-12-01T07:29:02Z">
      <class name="Academy.LandingPageTest">
        <test-method status="PASS" signature="basePageNavigation()[pri:0, instance:Academy.LandingPageTest@55f3ddb1]" name="basePageNavigation" duration-ms="50047" started-at="2019-12-01T12:58:12Z" finished-at="2019-12-01T12:59:02Z">
          <reporter-output>
          </reporter-output>
        </test-method> <!-- basePageNavigation -->
      </class> <!-- Academy.LandingPageTest -->
    </test> <!-- Default test -->
  </suite> <!-- Default suite -->
</testng-results>
