<?xml version="1.0" encoding="UTF-8"?>
<testng-results skipped="0" failed="0" ignored="0" total="1" passed="1">
  <reporter-output>
  </reporter-output>
  <suite name="Default suite" duration-ms="91255" started-at="2019-11-30T13:52:38Z" finished-at="2019-11-30T13:54:09Z">
    <groups>
    </groups>
    <test name="Default test" duration-ms="91255" started-at="2019-11-30T13:52:38Z" finished-at="2019-11-30T13:54:09Z">
      <class name="testcases.LoginTest">
        <test-method status="PASS" signature="loginIntoApplication()[pri:0, instance:testcases.LoginTest@58651fd0]" name="loginIntoApplication" duration-ms="91173" started-at="2019-11-30T19:22:38Z" finished-at="2019-11-30T19:24:09Z">
          <reporter-output>
          </reporter-output>
        </test-method> <!-- loginIntoApplication -->
      </class> <!-- testcases.LoginTest -->
    </test> <!-- Default test -->
  </suite> <!-- Default suite -->
</testng-results>
