<?xml version="1.0" encoding="UTF-8"?>
<testng-results skipped="0" failed="0" ignored="0" total="3" passed="3">
  <reporter-output>
  </reporter-output>
  <suite name="Default suite" duration-ms="472955" started-at="2019-11-27T07:23:43Z" finished-at="2019-11-27T07:31:36Z">
    <groups>
    </groups>
    <test name="Default test" duration-ms="472955" started-at="2019-11-27T07:23:43Z" finished-at="2019-11-27T07:31:36Z">
      <class name="testngtutorials.TestNGDataProviderExample">
        <test-method status="PASS" signature="dataProviderTestcae(java.lang.String, java.lang.String)[pri:0, instance:testngtutorials.TestNGDataProviderExample@49d904ec]" name="dataProviderTestcae" duration-ms="275252" started-at="2019-11-27T12:53:43Z" data-provider="loginDetails" finished-at="2019-11-27T12:58:18Z">
          <params>
            <param index="0">
              <value>
                <![CDATA[India]]>
              </value>
            </param>
            <param index="1">
              <value>
                <![CDATA[Pass 1]]>
              </value>
            </param>
          </params>
          <reporter-output>
          </reporter-output>
        </test-method> <!-- dataProviderTestcae -->
        <test-method status="PASS" signature="dataProviderTestcae(java.lang.String, java.lang.String)[pri:0, instance:testngtutorials.TestNGDataProviderExample@49d904ec]" name="dataProviderTestcae" duration-ms="45171" started-at="2019-11-27T12:58:18Z" data-provider="loginDetails" finished-at="2019-11-27T12:59:03Z">
          <params>
            <param index="0">
              <value>
                <![CDATA[UK]]>
              </value>
            </param>
            <param index="1">
              <value>
                <![CDATA[Pass 2]]>
              </value>
            </param>
          </params>
          <reporter-output>
          </reporter-output>
        </test-method> <!-- dataProviderTestcae -->
        <test-method status="PASS" signature="dataProviderTestcae(java.lang.String, java.lang.String)[pri:0, instance:testngtutorials.TestNGDataProviderExample@49d904ec]" name="dataProviderTestcae" duration-ms="152464" started-at="2019-11-27T12:59:03Z" data-provider="loginDetails" finished-at="2019-11-27T13:01:36Z">
          <params>
            <param index="0">
              <value>
                <![CDATA[USA]]>
              </value>
            </param>
            <param index="1">
              <value>
                <![CDATA[Pass 3]]>
              </value>
            </param>
          </params>
          <reporter-output>
          </reporter-output>
        </test-method> <!-- dataProviderTestcae -->
      </class> <!-- testngtutorials.TestNGDataProviderExample -->
    </test> <!-- Default test -->
  </suite> <!-- Default suite -->
</testng-results>
