<?xml version="1.0" encoding="UTF-8"?>
<!-- Generated by org.testng.reporters.JUnitXMLReporter -->
<testsuite hostname="DESKTOP-QGI7A6A" ignored="0" name="Personal Loan" tests="5" failures="0" timestamp="25 Nov 2019 08:34:23 GMT" time="0.085" errors="0">
  <testcase name="personalLoanTest1" time="0.02" classname="testngtutorials.Day1"/>
  <testcase name="personalLoanTest2" time="0.004" classname="testngtutorials.Day1"/>
  <testcase name="personalLoanTest3" time="0.002" classname="testngtutorials.Day3"/>
  <testcase name="PersonalLoanTestcase3" time="0.002" classname="testngtutorials.Day2"/>
  <testcase name="personalLoanTest4" time="0.005" classname="testngtutorials.Day4"/>
</testsuite> <!-- Personal Loan -->
